<?xml version="1.0" encoding="UTF-8"?>
<testng-results ignored="0" total="1" passed="1" failed="0" skipped="0">
  <reporter-output>
  </reporter-output>
  <suite started-at="2023-01-10T15:26:05 IST" name="Default suite" finished-at="2023-01-10T15:26:19 IST" duration-ms="13215">
    <groups>
    </groups>
    <test started-at="2023-01-10T15:26:05 IST" name="Default test" finished-at="2023-01-10T15:26:19 IST" duration-ms="13215">
      <class name="Reports.ExtentReports.ExtentReportDemo">
        <test-method is-config="true" signature="config()[pri:0, instance:Reports.ExtentReports.ExtentReportDemo@70e9c95d]" started-at="2023-01-10T15:26:05 IST" name="config" finished-at="2023-01-10T15:26:06 IST" duration-ms="273" status="PASS">
          <reporter-output>
          </reporter-output>
        </test-method> <!-- config -->
        <test-method signature="initialDemo()[pri:0, instance:Reports.ExtentReports.ExtentReportDemo@70e9c95d]" started-at="2023-01-10T15:26:06 IST" name="initialDemo" finished-at="2023-01-10T15:26:19 IST" duration-ms="12895" status="PASS">
          <reporter-output>
          </reporter-output>
        </test-method> <!-- initialDemo -->
      </class> <!-- Reports.ExtentReports.ExtentReportDemo -->
    </test> <!-- Default test -->
  </suite> <!-- Default suite -->
</testng-results>
