<?xml version="1.0" encoding="UTF-8"?>
<testng-results ignored="0" total="0" passed="0" failed="0" skipped="0">
  <reporter-output>
  </reporter-output>
  <suite started-at="2023-01-10T16:34:44 IST" name="Suite" finished-at="2023-01-10T16:34:44 IST" duration-ms="0">
    <groups>
      <group name="ErrorHandling">
        <method signature="ErrorValidationTest.loginErrorvalidation()[pri:0, instance:PageObject.ErrorValidationTest@7749bf93]" name="loginErrorvalidation" class="PageObject.ErrorValidationTest"/>
      </group> <!-- ErrorHandling -->
      <group name="Purchase">
        <method signature="SubmitOrderTest.submitOrder(java.util.HashMap)[pri:0, instance:Selenium.maven.SubmitOrderTest@6cc558c6]" name="submitOrder" class="Selenium.maven.SubmitOrderTest"/>
      </group> <!-- Purchase -->
    </groups>
  </suite> <!-- Suite -->
</testng-results>
