<?xml version="1.0" encoding="UTF-8"?>
<!-- Generated by org.testng.reporters.JUnitXMLReporter -->
<testsuite ignored="1" hostname="INPNRLT0375" failures="0" tests="7" name="CarLoan" time="0.019" errors="0" timestamp="2023-01-04T15:05:35 IST">
  <testcase classname="TestNG.Day3" name="LoginApiCarLoan" time="0.001"/>
  <testcase classname="TestNG.Day3" name="WebloginCarLoan" time="0.001"/>
  <testcase classname="TestNG.Day3" name="Work" time="0.001"/>
  <testcase classname="TestNG.Day4" name="Employee" time="0.0"/>
  <testcase classname="TestNG.Day4" name="Manager" time="0.001"/>
  <testcase classname="TestNG.Day4" name="Manager" time="0.001"/>
  <testcase classname="TestNG.Day4" name="Manager" time="0.001"/>
  <testcase classname="TestNG.Day3" name="MobileloginCarLoan" time="0.0">
    <ignored/>
  </testcase> <!-- MobileloginCarLoan -->
</testsuite> <!-- CarLoan -->
