<?xml version="1.0" encoding="UTF-8"?>
<!-- Generated by org.testng.reporters.JUnitXMLReporter -->
<testsuite ignored="6" hostname="INPNRLT0375" failures="0" tests="2" name="Regression" time="0.007" errors="0" timestamp="2023-01-04T15:05:35 IST">
  <testcase classname="TestNG.Day2" name="Join" time="0.0"/>
  <testcase classname="TestNG.Day3" name="Work" time="0.001"/>
  <testcase classname="TestNG.Day1" name="run" time="0.0">
    <ignored/>
  </testcase> <!-- run -->
  <testcase classname="TestNG.Day3" name="WebloginCarLoan" time="0.0">
    <ignored/>
  </testcase> <!-- WebloginCarLoan -->
  <testcase classname="TestNG.Day3" name="LoginApiCarLoan" time="0.0">
    <ignored/>
  </testcase> <!-- LoginApiCarLoan -->
  <testcase classname="TestNG.Day2" name="ploan" time="0.0">
    <ignored/>
  </testcase> <!-- ploan -->
  <testcase classname="TestNG.Day2" name="HomeLoan" time="0.0">
    <ignored/>
  </testcase> <!-- HomeLoan -->
  <testcase classname="TestNG.Day3" name="MobileloginCarLoan" time="0.0">
    <ignored/>
  </testcase> <!-- MobileloginCarLoan -->
</testsuite> <!-- Regression -->
