<?xml version="1.0" encoding="UTF-8"?>
<!-- Generated by org.testng.reporters.JUnitXMLReporter -->
<testsuite ignored="2" hostname="INPNRLT0375" failures="0" tests="2" name="Test" time="0.046" errors="0" timestamp="2023-01-04T15:05:35 IST">
  <testcase classname="TestNG.Day1" name="run" time="0.008"/>
  <testcase classname="TestNG.Day2" name="HomeLoan" time="0.001"/>
  <testcase classname="TestNG.Day2" name="Join" time="0.0">
    <ignored/>
  </testcase> <!-- Join -->
  <testcase classname="TestNG.Day2" name="ploan" time="0.0">
    <ignored/>
  </testcase> <!-- ploan -->
</testsuite> <!-- Test -->
